2025-05-19 15:09:03 [info]: Server is running at port 9000
2025-05-19 15:09:03 [info]: Database connected successfully.
2025-05-19 15:30:23 [info]: Server is running at port 9000
2025-05-19 15:30:23 [info]: Database connected successfully.
2025-05-19 15:33:10 [info]: Server is running at port 9000
2025-05-19 15:33:10 [info]: Database connected successfully.
2025-05-19 15:33:17 [info]: Server is running at port 9000
2025-05-19 15:33:17 [info]: Database connected successfully.
2025-05-19 15:34:47 [info]: Server is running at port 9000
2025-05-19 15:34:47 [info]: Database connected successfully.
2025-05-19 15:34:50 [info]: Server is running at port 9000
2025-05-19 15:34:50 [info]: Database connected successfully.
2025-05-19 15:35:35 [info]: Server is running at port 9000
2025-05-19 15:35:35 [info]: Database connected successfully.
2025-05-19 15:46:59 [info]: Server is running at port 9000
2025-05-19 15:46:59 [info]: Server is running at port 9000
2025-05-19 15:46:59 [info]: Database connected successfully.
2025-05-19 15:46:59 [info]: Database connected successfully.
2025-05-19 15:47:15 [error]: {"method":"POST","url":"/api/v1/user/register","message":"Email or username already exist","status":400,"stack":"Error: Email or username already exist\n    at UserService.register (C:\\Users\\user\\OneDrive - Amazing IT Centre\\Desktop\\Course_Management_System\\src\\modules\\user\\service.ts:31:13)\n    at async registerUser (C:\\Users\\user\\OneDrive - Amazing IT Centre\\Desktop\\Course_Management_System\\src\\modules\\user\\controller.ts:24:18)"}
2025-05-19 15:53:40 [info]: Server is running at port 9000
2025-05-19 15:53:40 [info]: Database connected successfully.
2025-05-19 15:57:04 [info]: Server is running at port 9000
2025-05-19 15:57:04 [info]: Database connected successfully.
2025-05-19 15:59:25 [info]: Server is running at port 9000
2025-05-19 15:59:25 [info]: Database connected successfully.
2025-05-20 14:18:31 [info]: Server is running at port 9000
2025-05-20 14:18:33 [info]: Database connected successfully.
2025-05-20 14:30:15 [info]: Server is running at port 9000
2025-05-20 14:30:20 [error]: ERROR CONNECTING DATABASE: Can't reach database server at `dpg-d0gpmobe5dus73aiqdh0-a.oregon-postgres.render.com:5432`

Please make sure your database server is running at `dpg-d0gpmobe5dus73aiqdh0-a.oregon-postgres.render.com:5432`.
2025-05-20 14:30:24 [info]: Server is running at port 9000
2025-05-20 14:30:26 [error]: ERROR CONNECTING DATABASE: Can't reach database server at `dpg-d0gpmobe5dus73aiqdh0-a.oregon-postgres.render.com:5432`

Please make sure your database server is running at `dpg-d0gpmobe5dus73aiqdh0-a.oregon-postgres.render.com:5432`.
2025-05-20 14:30:46 [info]: Server is running at port 9000
2025-05-20 14:30:48 [info]: Database connected successfully.
2025-05-20 14:31:03 [info]: Server is running at port 9000
2025-05-20 14:31:05 [info]: Database connected successfully.
2025-05-20 14:31:12 [info]: Server is running at port 9000
2025-05-20 14:31:14 [info]: Database connected successfully.
2025-05-20 14:52:35 [info]: Server is running at port 9000
2025-05-20 14:52:37 [info]: Database connected successfully.
2025-05-20 14:53:01 [info]: Server is running at port 9000
2025-05-20 14:53:03 [info]: Database connected successfully.
2025-05-20 14:57:58 [info]: Server is running at port 9000
2025-05-20 14:58:00 [info]: Database connected successfully.
2025-05-20 15:00:23 [info]: Server is running at port 9000
2025-05-20 15:00:24 [info]: Database connected successfully.
2025-05-21 11:29:21 [info]: Server is running at port 9000
2025-05-21 11:29:23 [info]: Database connected successfully.
